{"__type":"$$EventMessageAudit","id":"21f59171-82ad-43c0-9ed1-61fb6e2a369a","ts":"2025-12-22T13:36:05.343+00:00","eventName":"n8n.audit.user.credentials.created","message":"n8n.audit.user.credentials.created","payload":{"userId":"1af58939-bdd5-4d93-a5b5-b5270cb1b72e","_email":"cloudyvdb@gmail.com","_firstName":"thierry","_lastName":"broucke","globalRole":"global:owner","credentialType":"postgres","credentialId":"gOH5tejdyYv8rHMa","publicApi":false,"projectId":"Y4DWu92XBj8U9WSn","projectType":"personal"}}
{"__type":"$$EventMessageConfirm","confirm":"21f59171-82ad-43c0-9ed1-61fb6e2a369a","ts":"2025-12-22T13:36:05.343+00:00","source":{"id":"0","name":"eventBus"}}
{"__type":"$$EventMessageAudit","id":"f4fb563f-3102-4eea-9df0-700467af0895","ts":"2025-12-22T13:36:38.909+00:00","eventName":"n8n.audit.user.credentials.updated","message":"n8n.audit.user.credentials.updated","payload":{"userId":"1af58939-bdd5-4d93-a5b5-b5270cb1b72e","_email":"cloudyvdb@gmail.com","_firstName":"thierry","_lastName":"broucke","globalRole":"global:owner","credentialType":"postgres","credentialId":"gOH5tejdyYv8rHMa"}}
{"__type":"$$EventMessageConfirm","confirm":"f4fb563f-3102-4eea-9df0-700467af0895","ts":"2025-12-22T13:36:38.909+00:00","source":{"id":"0","name":"eventBus"}}
{"__type":"$$EventMessageAudit","id":"e86eefea-cffc-402b-98c0-568e436dfa0a","ts":"2025-12-22T13:37:10.799+00:00","eventName":"n8n.audit.user.credentials.created","message":"n8n.audit.user.credentials.created","payload":{"userId":"1af58939-bdd5-4d93-a5b5-b5270cb1b72e","_email":"cloudyvdb@gmail.com","_firstName":"thierry","_lastName":"broucke","globalRole":"global:owner","credentialType":"redis","credentialId":"YOlcGtMfGHeqRj1Z","publicApi":false,"projectId":"Y4DWu92XBj8U9WSn","projectType":"personal"}}
{"__type":"$$EventMessageConfirm","confirm":"e86eefea-cffc-402b-98c0-568e436dfa0a","ts":"2025-12-22T13:37:10.799+00:00","source":{"id":"0","name":"eventBus"}}
{"__type":"$$EventMessageAudit","id":"f32f8ebe-0440-4a9c-ae35-b437fbe0f7fa","ts":"2025-12-22T15:37:23.853+00:00","eventName":"n8n.audit.workflow.created","message":"n8n.audit.workflow.created","payload":{"userId":"1af58939-bdd5-4d93-a5b5-b5270cb1b72e","_email":"cloudyvdb@gmail.com","_firstName":"thierry","_lastName":"broucke","globalRole":"global:owner","workflowId":"6fRTY6FeaXdr0UE4","workflowName":"My First Workflow"}}
{"__type":"$$EventMessageConfirm","confirm":"f32f8ebe-0440-4a9c-ae35-b437fbe0f7fa","ts":"2025-12-22T15:37:23.853+00:00","source":{"id":"0","name":"eventBus"}}
{"__type":"$$EventMessageAudit","id":"f28eefff-1c92-4126-a210-bdbcd41c27ef","ts":"2025-12-22T15:37:36.264+00:00","eventName":"n8n.audit.workflow.updated","message":"n8n.audit.workflow.updated","payload":{"userId":"1af58939-bdd5-4d93-a5b5-b5270cb1b72e","_email":"cloudyvdb@gmail.com","_firstName":"thierry","_lastName":"broucke","globalRole":"global:owner","workflowId":"6fRTY6FeaXdr0UE4","workflowName":"My First Workflow"}}
{"__type":"$$EventMessageConfirm","confirm":"f28eefff-1c92-4126-a210-bdbcd41c27ef","ts":"2025-12-22T15:37:36.264+00:00","source":{"id":"0","name":"eventBus"}}
{"__type":"$$EventMessageAudit","id":"f6b7dfa0-8cdb-4147-8573-40c8a3cbccbd","ts":"2025-12-22T15:38:57.259+00:00","eventName":"n8n.audit.workflow.updated","message":"n8n.audit.workflow.updated","payload":{"userId":"1af58939-bdd5-4d93-a5b5-b5270cb1b72e","_email":"cloudyvdb@gmail.com","_firstName":"thierry","_lastName":"broucke","globalRole":"global:owner","workflowId":"6fRTY6FeaXdr0UE4","workflowName":"My First Workflow"}}
{"__type":"$$EventMessageConfirm","confirm":"f6b7dfa0-8cdb-4147-8573-40c8a3cbccbd","ts":"2025-12-22T15:38:57.260+00:00","source":{"id":"0","name":"eventBus"}}
{"__type":"$$EventMessageAudit","id":"f455b4c9-c54b-4584-9812-872ab4b55a5a","ts":"2025-12-22T12:40:28.261-03:00","eventName":"n8n.audit.workflow.updated","message":"n8n.audit.workflow.updated","payload":{"userId":"1af58939-bdd5-4d93-a5b5-b5270cb1b72e","_email":"cloudyvdb@gmail.com","_firstName":"thierry","_lastName":"broucke","globalRole":"global:owner","workflowId":"6fRTY6FeaXdr0UE4","workflowName":"My First Workflow"}}
{"__type":"$$EventMessageConfirm","confirm":"f455b4c9-c54b-4584-9812-872ab4b55a5a","ts":"2025-12-22T12:40:28.261-03:00","source":{"id":"0","name":"eventBus"}}
{"__type":"$$EventMessageAudit","id":"82251fe7-6a52-4c49-b182-409140b118e5","ts":"2025-12-22T12:42:30.145-03:00","eventName":"n8n.audit.user.credentials.created","message":"n8n.audit.user.credentials.created","payload":{"userId":"1af58939-bdd5-4d93-a5b5-b5270cb1b72e","_email":"cloudyvdb@gmail.com","_firstName":"thierry","_lastName":"broucke","globalRole":"global:owner","credentialType":"googlePalmApi","credentialId":"FAMAEOP9bkoPrOdW","publicApi":false,"projectId":"Y4DWu92XBj8U9WSn","projectType":"personal"}}
{"__type":"$$EventMessageConfirm","confirm":"82251fe7-6a52-4c49-b182-409140b118e5","ts":"2025-12-22T12:42:30.145-03:00","source":{"id":"0","name":"eventBus"}}
{"__type":"$$EventMessageRunner","id":"a9dfe199-6b4c-44ae-b5e6-409175b451c7","ts":"2025-12-22T10:46:14.774-05:00","eventName":"n8n.queue.job.enqueued","message":"n8n.queue.job.enqueued","payload":{"executionId":"1","workflowId":"6fRTY6FeaXdr0UE4","hostId":"main-265389814f76","jobId":"1"}}
{"__type":"$$EventMessageConfirm","confirm":"a9dfe199-6b4c-44ae-b5e6-409175b451c7","ts":"2025-12-22T10:46:14.774-05:00","source":{"id":"0","name":"eventBus"}}
{"__type":"$$EventMessageWorkflow","id":"0b0825f3-4aa4-42ef-8c3b-7d21907b8511","ts":"2025-12-22T10:46:14.775-05:00","eventName":"n8n.workflow.started","message":"n8n.workflow.started","payload":{"executionId":"1","workflowId":"6fRTY6FeaXdr0UE4","isManual":false,"workflowName":"My First Workflow"}}
{"__type":"$$EventMessageConfirm","confirm":"0b0825f3-4aa4-42ef-8c3b-7d21907b8511","ts":"2025-12-22T10:46:14.775-05:00","source":{"id":"0","name":"eventBus"}}
{"__type":"$$EventMessageWorkflow","id":"8fd9b823-8041-48a0-8afe-2ce90da2af5d","ts":"2025-12-22T10:46:15.576-05:00","eventName":"n8n.workflow.success","message":"n8n.workflow.success","payload":{"userId":"1af58939-bdd5-4d93-a5b5-b5270cb1b72e","executionId":"1","success":true,"isManual":true,"workflowId":"6fRTY6FeaXdr0UE4","workflowName":"My First Workflow"}}
{"__type":"$$EventMessageConfirm","confirm":"8fd9b823-8041-48a0-8afe-2ce90da2af5d","ts":"2025-12-22T10:46:15.576-05:00","source":{"id":"0","name":"eventBus"}}
{"__type":"$$EventMessageRunner","id":"2fe692fb-e690-469e-a7c5-1bb75ee2ac9c","ts":"2025-12-22T10:46:15.577-05:00","eventName":"n8n.queue.job.completed","message":"n8n.queue.job.completed","payload":{"executionId":"1","workflowId":"6fRTY6FeaXdr0UE4","hostId":"main-265389814f76","jobId":"1"}}
{"__type":"$$EventMessageConfirm","confirm":"2fe692fb-e690-469e-a7c5-1bb75ee2ac9c","ts":"2025-12-22T10:46:15.577-05:00","source":{"id":"0","name":"eventBus"}}
{"__type":"$$EventMessageRunner","id":"6bcba908-4cc3-44ef-ac8f-1215ece29b44","ts":"2025-12-22T10:46:43.314-05:00","eventName":"n8n.queue.job.enqueued","message":"n8n.queue.job.enqueued","payload":{"executionId":"2","workflowId":"6fRTY6FeaXdr0UE4","hostId":"main-265389814f76","jobId":"2"}}
{"__type":"$$EventMessageConfirm","confirm":"6bcba908-4cc3-44ef-ac8f-1215ece29b44","ts":"2025-12-22T10:46:43.314-05:00","source":{"id":"0","name":"eventBus"}}
{"__type":"$$EventMessageWorkflow","id":"7f215234-5154-4c1d-9bed-20d8bc1d21e3","ts":"2025-12-22T10:46:43.315-05:00","eventName":"n8n.workflow.started","message":"n8n.workflow.started","payload":{"executionId":"2","workflowId":"6fRTY6FeaXdr0UE4","isManual":false,"workflowName":"My First Workflow"}}
{"__type":"$$EventMessageConfirm","confirm":"7f215234-5154-4c1d-9bed-20d8bc1d21e3","ts":"2025-12-22T10:46:43.315-05:00","source":{"id":"0","name":"eventBus"}}
{"__type":"$$EventMessageWorkflow","id":"0dec197c-1b50-403c-9846-8a6394869934","ts":"2025-12-22T10:46:43.880-05:00","eventName":"n8n.workflow.success","message":"n8n.workflow.success","payload":{"userId":"1af58939-bdd5-4d93-a5b5-b5270cb1b72e","executionId":"2","success":true,"isManual":true,"workflowId":"6fRTY6FeaXdr0UE4","workflowName":"My First Workflow"}}
{"__type":"$$EventMessageConfirm","confirm":"0dec197c-1b50-403c-9846-8a6394869934","ts":"2025-12-22T10:46:43.880-05:00","source":{"id":"0","name":"eventBus"}}
{"__type":"$$EventMessageRunner","id":"0307b832-c998-4e00-8437-d9d2586791d0","ts":"2025-12-22T10:46:43.880-05:00","eventName":"n8n.queue.job.completed","message":"n8n.queue.job.completed","payload":{"executionId":"2","workflowId":"6fRTY6FeaXdr0UE4","hostId":"main-265389814f76","jobId":"2"}}
{"__type":"$$EventMessageConfirm","confirm":"0307b832-c998-4e00-8437-d9d2586791d0","ts":"2025-12-22T10:46:43.880-05:00","source":{"id":"0","name":"eventBus"}}
{"__type":"$$EventMessageRunner","id":"b8064dca-a58d-4d48-a0a3-e0f34b584db2","ts":"2025-12-22T10:49:02.679-05:00","eventName":"n8n.queue.job.enqueued","message":"n8n.queue.job.enqueued","payload":{"executionId":"3","workflowId":"6fRTY6FeaXdr0UE4","hostId":"main-265389814f76","jobId":"3"}}
{"__type":"$$EventMessageConfirm","confirm":"b8064dca-a58d-4d48-a0a3-e0f34b584db2","ts":"2025-12-22T10:49:02.679-05:00","source":{"id":"0","name":"eventBus"}}
{"__type":"$$EventMessageWorkflow","id":"896b0763-bd9c-490e-beb6-a3d87ebcb35f","ts":"2025-12-22T10:49:02.680-05:00","eventName":"n8n.workflow.started","message":"n8n.workflow.started","payload":{"executionId":"3","workflowId":"6fRTY6FeaXdr0UE4","isManual":false,"workflowName":"My First Workflow"}}
{"__type":"$$EventMessageConfirm","confirm":"896b0763-bd9c-490e-beb6-a3d87ebcb35f","ts":"2025-12-22T10:49:02.680-05:00","source":{"id":"0","name":"eventBus"}}
{"__type":"$$EventMessageWorkflow","id":"b6545033-3fdd-401d-9f8b-e96ef01c042c","ts":"2025-12-22T10:49:03.349-05:00","eventName":"n8n.workflow.success","message":"n8n.workflow.success","payload":{"userId":"1af58939-bdd5-4d93-a5b5-b5270cb1b72e","executionId":"3","success":true,"isManual":true,"workflowId":"6fRTY6FeaXdr0UE4","workflowName":"My First Workflow"}}
{"__type":"$$EventMessageConfirm","confirm":"b6545033-3fdd-401d-9f8b-e96ef01c042c","ts":"2025-12-22T10:49:03.350-05:00","source":{"id":"0","name":"eventBus"}}
{"__type":"$$EventMessageRunner","id":"ecb0ae0e-6383-4e14-b080-a860a1d6b8d4","ts":"2025-12-22T10:49:03.350-05:00","eventName":"n8n.queue.job.completed","message":"n8n.queue.job.completed","payload":{"executionId":"3","workflowId":"6fRTY6FeaXdr0UE4","hostId":"main-265389814f76","jobId":"3"}}
{"__type":"$$EventMessageConfirm","confirm":"ecb0ae0e-6383-4e14-b080-a860a1d6b8d4","ts":"2025-12-22T10:49:03.350-05:00","source":{"id":"0","name":"eventBus"}}
{"__type":"$$EventMessageRunner","id":"b44a2bcd-8bdb-468f-81c1-3724703d580c","ts":"2025-12-22T10:49:19.301-05:00","eventName":"n8n.queue.job.enqueued","message":"n8n.queue.job.enqueued","payload":{"executionId":"4","workflowId":"6fRTY6FeaXdr0UE4","hostId":"main-265389814f76","jobId":"4"}}
{"__type":"$$EventMessageConfirm","confirm":"b44a2bcd-8bdb-468f-81c1-3724703d580c","ts":"2025-12-22T10:49:19.301-05:00","source":{"id":"0","name":"eventBus"}}
{"__type":"$$EventMessageWorkflow","id":"04b93489-8a72-42f0-9d20-beea56d128d6","ts":"2025-12-22T10:49:19.301-05:00","eventName":"n8n.workflow.started","message":"n8n.workflow.started","payload":{"executionId":"4","workflowId":"6fRTY6FeaXdr0UE4","isManual":false,"workflowName":"My First Workflow"}}
{"__type":"$$EventMessageConfirm","confirm":"04b93489-8a72-42f0-9d20-beea56d128d6","ts":"2025-12-22T10:49:19.301-05:00","source":{"id":"0","name":"eventBus"}}
{"__type":"$$EventMessageWorkflow","id":"abf5a6e7-ccbc-4157-9ccf-391e9bb707ae","ts":"2025-12-22T10:49:19.871-05:00","eventName":"n8n.workflow.success","message":"n8n.workflow.success","payload":{"userId":"1af58939-bdd5-4d93-a5b5-b5270cb1b72e","executionId":"4","success":true,"isManual":true,"workflowId":"6fRTY6FeaXdr0UE4","workflowName":"My First Workflow"}}
{"__type":"$$EventMessageConfirm","confirm":"abf5a6e7-ccbc-4157-9ccf-391e9bb707ae","ts":"2025-12-22T10:49:19.871-05:00","source":{"id":"0","name":"eventBus"}}
{"__type":"$$EventMessageRunner","id":"0dac0da6-24e0-4005-a761-f0000eedfab4","ts":"2025-12-22T10:49:19.871-05:00","eventName":"n8n.queue.job.completed","message":"n8n.queue.job.completed","payload":{"executionId":"4","workflowId":"6fRTY6FeaXdr0UE4","hostId":"main-265389814f76","jobId":"4"}}
{"__type":"$$EventMessageConfirm","confirm":"0dac0da6-24e0-4005-a761-f0000eedfab4","ts":"2025-12-22T10:49:19.871-05:00","source":{"id":"0","name":"eventBus"}}
{"__type":"$$EventMessageRunner","id":"5e325dfe-9a40-4ed1-9c23-8657e3c1b2b2","ts":"2025-12-22T10:49:51.541-05:00","eventName":"n8n.queue.job.enqueued","message":"n8n.queue.job.enqueued","payload":{"executionId":"5","workflowId":"6fRTY6FeaXdr0UE4","hostId":"main-265389814f76","jobId":"5"}}
{"__type":"$$EventMessageConfirm","confirm":"5e325dfe-9a40-4ed1-9c23-8657e3c1b2b2","ts":"2025-12-22T10:49:51.542-05:00","source":{"id":"0","name":"eventBus"}}
{"__type":"$$EventMessageWorkflow","id":"af2c92af-990f-4650-bbcc-d325e6b30a75","ts":"2025-12-22T10:49:51.542-05:00","eventName":"n8n.workflow.started","message":"n8n.workflow.started","payload":{"executionId":"5","workflowId":"6fRTY6FeaXdr0UE4","isManual":false,"workflowName":"My First Workflow"}}
{"__type":"$$EventMessageConfirm","confirm":"af2c92af-990f-4650-bbcc-d325e6b30a75","ts":"2025-12-22T10:49:51.542-05:00","source":{"id":"0","name":"eventBus"}}
{"__type":"$$EventMessageWorkflow","id":"f74be0a2-405a-4735-9581-5d4abc052c4b","ts":"2025-12-22T10:49:52.553-05:00","eventName":"n8n.workflow.success","message":"n8n.workflow.success","payload":{"userId":"1af58939-bdd5-4d93-a5b5-b5270cb1b72e","executionId":"5","success":true,"isManual":true,"workflowId":"6fRTY6FeaXdr0UE4","workflowName":"My First Workflow"}}
{"__type":"$$EventMessageConfirm","confirm":"f74be0a2-405a-4735-9581-5d4abc052c4b","ts":"2025-12-22T10:49:52.553-05:00","source":{"id":"0","name":"eventBus"}}
{"__type":"$$EventMessageRunner","id":"77bec718-1e39-41a2-b54c-b797bbeb7540","ts":"2025-12-22T10:49:52.553-05:00","eventName":"n8n.queue.job.completed","message":"n8n.queue.job.completed","payload":{"executionId":"5","workflowId":"6fRTY6FeaXdr0UE4","hostId":"main-265389814f76","jobId":"5"}}
{"__type":"$$EventMessageConfirm","confirm":"77bec718-1e39-41a2-b54c-b797bbeb7540","ts":"2025-12-22T10:49:52.553-05:00","source":{"id":"0","name":"eventBus"}}
{"__type":"$$EventMessageRunner","id":"8030313c-34b4-4d51-9d8f-f5e7f4a364c9","ts":"2025-12-22T10:50:06.297-05:00","eventName":"n8n.queue.job.enqueued","message":"n8n.queue.job.enqueued","payload":{"executionId":"6","workflowId":"6fRTY6FeaXdr0UE4","hostId":"main-265389814f76","jobId":"6"}}
{"__type":"$$EventMessageConfirm","confirm":"8030313c-34b4-4d51-9d8f-f5e7f4a364c9","ts":"2025-12-22T10:50:06.297-05:00","source":{"id":"0","name":"eventBus"}}
{"__type":"$$EventMessageWorkflow","id":"41763339-18ff-45f3-9493-feebf77026c0","ts":"2025-12-22T10:50:06.297-05:00","eventName":"n8n.workflow.started","message":"n8n.workflow.started","payload":{"executionId":"6","workflowId":"6fRTY6FeaXdr0UE4","isManual":false,"workflowName":"My First Workflow"}}
{"__type":"$$EventMessageConfirm","confirm":"41763339-18ff-45f3-9493-feebf77026c0","ts":"2025-12-22T10:50:06.297-05:00","source":{"id":"0","name":"eventBus"}}
{"__type":"$$EventMessageWorkflow","id":"8eb5cb19-d100-4bd0-a8e5-b4d6d864fd7f","ts":"2025-12-22T10:50:06.901-05:00","eventName":"n8n.workflow.success","message":"n8n.workflow.success","payload":{"userId":"1af58939-bdd5-4d93-a5b5-b5270cb1b72e","executionId":"6","success":true,"isManual":true,"workflowId":"6fRTY6FeaXdr0UE4","workflowName":"My First Workflow"}}
{"__type":"$$EventMessageConfirm","confirm":"8eb5cb19-d100-4bd0-a8e5-b4d6d864fd7f","ts":"2025-12-22T10:50:06.902-05:00","source":{"id":"0","name":"eventBus"}}
{"__type":"$$EventMessageRunner","id":"9032db89-7133-4c99-aacf-2b2be5a1c3c8","ts":"2025-12-22T10:50:06.902-05:00","eventName":"n8n.queue.job.completed","message":"n8n.queue.job.completed","payload":{"executionId":"6","workflowId":"6fRTY6FeaXdr0UE4","hostId":"main-265389814f76","jobId":"6"}}
{"__type":"$$EventMessageConfirm","confirm":"9032db89-7133-4c99-aacf-2b2be5a1c3c8","ts":"2025-12-22T10:50:06.902-05:00","source":{"id":"0","name":"eventBus"}}
{"__type":"$$EventMessageRunner","id":"f0b947ca-3de6-4322-9a0a-d96e01e51642","ts":"2025-12-22T10:51:10.451-05:00","eventName":"n8n.queue.job.enqueued","message":"n8n.queue.job.enqueued","payload":{"executionId":"7","workflowId":"6fRTY6FeaXdr0UE4","hostId":"main-265389814f76","jobId":"7"}}
{"__type":"$$EventMessageConfirm","confirm":"f0b947ca-3de6-4322-9a0a-d96e01e51642","ts":"2025-12-22T10:51:10.451-05:00","source":{"id":"0","name":"eventBus"}}
{"__type":"$$EventMessageWorkflow","id":"4f5fa531-9d0c-4565-b4dd-409906cf19c7","ts":"2025-12-22T10:51:10.451-05:00","eventName":"n8n.workflow.started","message":"n8n.workflow.started","payload":{"executionId":"7","workflowId":"6fRTY6FeaXdr0UE4","isManual":false,"workflowName":"My First Workflow"}}
{"__type":"$$EventMessageConfirm","confirm":"4f5fa531-9d0c-4565-b4dd-409906cf19c7","ts":"2025-12-22T10:51:10.451-05:00","source":{"id":"0","name":"eventBus"}}
{"__type":"$$EventMessageWorkflow","id":"bc55b4ac-cb36-441a-8ee7-1c8c43312e1b","ts":"2025-12-22T10:51:10.557-05:00","eventName":"n8n.workflow.success","message":"n8n.workflow.success","payload":{"userId":"1af58939-bdd5-4d93-a5b5-b5270cb1b72e","executionId":"7","success":true,"isManual":true,"workflowId":"6fRTY6FeaXdr0UE4","workflowName":"My First Workflow"}}
{"__type":"$$EventMessageConfirm","confirm":"bc55b4ac-cb36-441a-8ee7-1c8c43312e1b","ts":"2025-12-22T10:51:10.557-05:00","source":{"id":"0","name":"eventBus"}}
{"__type":"$$EventMessageRunner","id":"cfabe16a-4679-41a3-8fe9-d1374239de74","ts":"2025-12-22T10:51:10.557-05:00","eventName":"n8n.queue.job.completed","message":"n8n.queue.job.completed","payload":{"executionId":"7","workflowId":"6fRTY6FeaXdr0UE4","hostId":"main-265389814f76","jobId":"7"}}
{"__type":"$$EventMessageConfirm","confirm":"cfabe16a-4679-41a3-8fe9-d1374239de74","ts":"2025-12-22T10:51:10.557-05:00","source":{"id":"0","name":"eventBus"}}
{"__type":"$$EventMessageRunner","id":"59556daf-f7e2-4e2c-bbd5-67728dd88ab8","ts":"2025-12-22T10:53:19.846-05:00","eventName":"n8n.queue.job.enqueued","message":"n8n.queue.job.enqueued","payload":{"executionId":"8","workflowId":"6fRTY6FeaXdr0UE4","hostId":"main-265389814f76","jobId":"8"}}
{"__type":"$$EventMessageConfirm","confirm":"59556daf-f7e2-4e2c-bbd5-67728dd88ab8","ts":"2025-12-22T10:53:19.846-05:00","source":{"id":"0","name":"eventBus"}}
{"__type":"$$EventMessageWorkflow","id":"e0970c94-a2bf-4f92-89f3-5ac107f8eb42","ts":"2025-12-22T10:53:19.847-05:00","eventName":"n8n.workflow.started","message":"n8n.workflow.started","payload":{"executionId":"8","workflowId":"6fRTY6FeaXdr0UE4","isManual":false,"workflowName":"My First Workflow"}}
{"__type":"$$EventMessageConfirm","confirm":"e0970c94-a2bf-4f92-89f3-5ac107f8eb42","ts":"2025-12-22T10:53:19.847-05:00","source":{"id":"0","name":"eventBus"}}
{"__type":"$$EventMessageWorkflow","id":"43cfb7a6-b23a-4155-965c-289b59868e05","ts":"2025-12-22T10:53:20.472-05:00","eventName":"n8n.workflow.success","message":"n8n.workflow.success","payload":{"userId":"1af58939-bdd5-4d93-a5b5-b5270cb1b72e","executionId":"8","success":true,"isManual":true,"workflowId":"6fRTY6FeaXdr0UE4","workflowName":"My First Workflow"}}
{"__type":"$$EventMessageConfirm","confirm":"43cfb7a6-b23a-4155-965c-289b59868e05","ts":"2025-12-22T10:53:20.472-05:00","source":{"id":"0","name":"eventBus"}}
{"__type":"$$EventMessageRunner","id":"f1eb1402-eaa1-40ee-984d-66b8511c92fb","ts":"2025-12-22T10:53:20.472-05:00","eventName":"n8n.queue.job.completed","message":"n8n.queue.job.completed","payload":{"executionId":"8","workflowId":"6fRTY6FeaXdr0UE4","hostId":"main-265389814f76","jobId":"8"}}
{"__type":"$$EventMessageConfirm","confirm":"f1eb1402-eaa1-40ee-984d-66b8511c92fb","ts":"2025-12-22T10:53:20.472-05:00","source":{"id":"0","name":"eventBus"}}
{"__type":"$$EventMessageRunner","id":"b5dce158-c751-4c31-bcf5-c84e487f9acf","ts":"2025-12-22T10:55:01.669-05:00","eventName":"n8n.queue.job.enqueued","message":"n8n.queue.job.enqueued","payload":{"executionId":"9","workflowId":"6fRTY6FeaXdr0UE4","hostId":"main-265389814f76","jobId":"9"}}
{"__type":"$$EventMessageConfirm","confirm":"b5dce158-c751-4c31-bcf5-c84e487f9acf","ts":"2025-12-22T10:55:01.669-05:00","source":{"id":"0","name":"eventBus"}}
{"__type":"$$EventMessageWorkflow","id":"3919e29b-d121-45c1-ba5b-661e3b1dcfa2","ts":"2025-12-22T10:55:01.670-05:00","eventName":"n8n.workflow.started","message":"n8n.workflow.started","payload":{"executionId":"9","workflowId":"6fRTY6FeaXdr0UE4","isManual":false,"workflowName":"My First Workflow"}}
{"__type":"$$EventMessageConfirm","confirm":"3919e29b-d121-45c1-ba5b-661e3b1dcfa2","ts":"2025-12-22T10:55:01.670-05:00","source":{"id":"0","name":"eventBus"}}
{"__type":"$$EventMessageWorkflow","id":"b96cf579-6945-42ec-98e3-2099e8a4ca96","ts":"2025-12-22T10:55:02.429-05:00","eventName":"n8n.workflow.failed","message":"n8n.workflow.failed","payload":{"userId":"1af58939-bdd5-4d93-a5b5-b5270cb1b72e","executionId":"9","success":false,"isManual":true,"workflowId":"6fRTY6FeaXdr0UE4","workflowName":"My First Workflow","lastNodeExecuted":"Get a request","errorNodeType":"n8n-nodes-base.postBin","errorMessage":"Request failed with status code 404"}}
{"__type":"$$EventMessageConfirm","confirm":"b96cf579-6945-42ec-98e3-2099e8a4ca96","ts":"2025-12-22T10:55:02.429-05:00","source":{"id":"0","name":"eventBus"}}
{"__type":"$$EventMessageRunner","id":"46ac65f9-63f8-4b52-9d23-b7489ad5823c","ts":"2025-12-22T10:55:02.429-05:00","eventName":"n8n.queue.job.failed","message":"n8n.queue.job.failed","payload":{"executionId":"9","workflowId":"6fRTY6FeaXdr0UE4","hostId":"main-265389814f76","jobId":"9"}}
{"__type":"$$EventMessageConfirm","confirm":"46ac65f9-63f8-4b52-9d23-b7489ad5823c","ts":"2025-12-22T10:55:02.429-05:00","source":{"id":"0","name":"eventBus"}}
{"__type":"$$EventMessageAudit","id":"bb6ff783-81a1-4e0a-9fcf-2dba11ded73c","ts":"2025-12-22T10:55:33.564-05:00","eventName":"n8n.audit.workflow.updated","message":"n8n.audit.workflow.updated","payload":{"userId":"1af58939-bdd5-4d93-a5b5-b5270cb1b72e","_email":"cloudyvdb@gmail.com","_firstName":"thierry","_lastName":"broucke","globalRole":"global:owner","workflowId":"6fRTY6FeaXdr0UE4","workflowName":"My First Workflow"}}
{"__type":"$$EventMessageConfirm","confirm":"bb6ff783-81a1-4e0a-9fcf-2dba11ded73c","ts":"2025-12-22T10:55:33.564-05:00","source":{"id":"0","name":"eventBus"}}
{"__type":"$$EventMessageRunner","id":"20bf70ca-75b9-4fed-8492-4e00ea325457","ts":"2025-12-22T10:55:35.969-05:00","eventName":"n8n.queue.job.enqueued","message":"n8n.queue.job.enqueued","payload":{"executionId":"10","workflowId":"6fRTY6FeaXdr0UE4","hostId":"main-265389814f76","jobId":"10"}}
{"__type":"$$EventMessageConfirm","confirm":"20bf70ca-75b9-4fed-8492-4e00ea325457","ts":"2025-12-22T10:55:35.969-05:00","source":{"id":"0","name":"eventBus"}}
{"__type":"$$EventMessageWorkflow","id":"9c6c3c4d-7706-4ff0-be2f-77e0f144f322","ts":"2025-12-22T10:55:35.970-05:00","eventName":"n8n.workflow.started","message":"n8n.workflow.started","payload":{"executionId":"10","workflowId":"6fRTY6FeaXdr0UE4","isManual":false,"workflowName":"My First Workflow"}}
{"__type":"$$EventMessageConfirm","confirm":"9c6c3c4d-7706-4ff0-be2f-77e0f144f322","ts":"2025-12-22T10:55:35.970-05:00","source":{"id":"0","name":"eventBus"}}
{"__type":"$$EventMessageWorkflow","id":"d8f0911b-41a7-4b43-90e5-d7cfaef5ff1e","ts":"2025-12-22T10:55:36.875-05:00","eventName":"n8n.workflow.failed","message":"n8n.workflow.failed","payload":{"userId":"1af58939-bdd5-4d93-a5b5-b5270cb1b72e","executionId":"10","success":false,"isManual":true,"workflowId":"6fRTY6FeaXdr0UE4","workflowName":"My First Workflow","lastNodeExecuted":"Get a request","errorNodeType":"n8n-nodes-base.postBin","errorMessage":"Request failed with status code 404"}}
{"__type":"$$EventMessageConfirm","confirm":"d8f0911b-41a7-4b43-90e5-d7cfaef5ff1e","ts":"2025-12-22T10:55:36.875-05:00","source":{"id":"0","name":"eventBus"}}
{"__type":"$$EventMessageRunner","id":"36c54779-9c5b-47c5-b462-1d6aed25ea98","ts":"2025-12-22T10:55:36.875-05:00","eventName":"n8n.queue.job.failed","message":"n8n.queue.job.failed","payload":{"executionId":"10","workflowId":"6fRTY6FeaXdr0UE4","hostId":"main-265389814f76","jobId":"10"}}
{"__type":"$$EventMessageConfirm","confirm":"36c54779-9c5b-47c5-b462-1d6aed25ea98","ts":"2025-12-22T10:55:36.876-05:00","source":{"id":"0","name":"eventBus"}}
{"__type":"$$EventMessageRunner","id":"80d63d41-eda4-4fa5-a9e7-c13ddd02870a","ts":"2025-12-22T10:56:13.591-05:00","eventName":"n8n.queue.job.enqueued","message":"n8n.queue.job.enqueued","payload":{"executionId":"11","workflowId":"6fRTY6FeaXdr0UE4","hostId":"main-265389814f76","jobId":"11"}}
{"__type":"$$EventMessageConfirm","confirm":"80d63d41-eda4-4fa5-a9e7-c13ddd02870a","ts":"2025-12-22T10:56:13.591-05:00","source":{"id":"0","name":"eventBus"}}
{"__type":"$$EventMessageWorkflow","id":"8803de0f-d2d2-484f-8112-6a852fbf3bd9","ts":"2025-12-22T10:56:13.591-05:00","eventName":"n8n.workflow.started","message":"n8n.workflow.started","payload":{"executionId":"11","workflowId":"6fRTY6FeaXdr0UE4","isManual":false,"workflowName":"My First Workflow"}}
{"__type":"$$EventMessageConfirm","confirm":"8803de0f-d2d2-484f-8112-6a852fbf3bd9","ts":"2025-12-22T10:56:13.591-05:00","source":{"id":"0","name":"eventBus"}}
{"__type":"$$EventMessageWorkflow","id":"3751cf59-4bfd-4f7c-a452-fef5c787fb98","ts":"2025-12-22T10:56:14.768-05:00","eventName":"n8n.workflow.failed","message":"n8n.workflow.failed","payload":{"userId":"1af58939-bdd5-4d93-a5b5-b5270cb1b72e","executionId":"11","success":false,"isManual":true,"workflowId":"6fRTY6FeaXdr0UE4","workflowName":"My First Workflow","lastNodeExecuted":"Get a request","errorNodeType":"n8n-nodes-base.postBin","errorMessage":"Request failed with status code 404"}}
{"__type":"$$EventMessageConfirm","confirm":"3751cf59-4bfd-4f7c-a452-fef5c787fb98","ts":"2025-12-22T10:56:14.769-05:00","source":{"id":"0","name":"eventBus"}}
{"__type":"$$EventMessageRunner","id":"06e2aafe-545e-49d1-b8e8-1a520ce0b656","ts":"2025-12-22T10:56:14.769-05:00","eventName":"n8n.queue.job.failed","message":"n8n.queue.job.failed","payload":{"executionId":"11","workflowId":"6fRTY6FeaXdr0UE4","hostId":"main-265389814f76","jobId":"11"}}
{"__type":"$$EventMessageConfirm","confirm":"06e2aafe-545e-49d1-b8e8-1a520ce0b656","ts":"2025-12-22T10:56:14.769-05:00","source":{"id":"0","name":"eventBus"}}
{"__type":"$$EventMessageRunner","id":"fd6eaf2b-7727-42d9-9ef2-f8bb955d5af7","ts":"2025-12-22T10:56:38.876-05:00","eventName":"n8n.queue.job.enqueued","message":"n8n.queue.job.enqueued","payload":{"executionId":"12","workflowId":"6fRTY6FeaXdr0UE4","hostId":"main-265389814f76","jobId":"12"}}
{"__type":"$$EventMessageConfirm","confirm":"fd6eaf2b-7727-42d9-9ef2-f8bb955d5af7","ts":"2025-12-22T10:56:38.876-05:00","source":{"id":"0","name":"eventBus"}}
{"__type":"$$EventMessageWorkflow","id":"8cb7bf25-56a5-4dff-a013-023ad8d5cb28","ts":"2025-12-22T10:56:38.876-05:00","eventName":"n8n.workflow.started","message":"n8n.workflow.started","payload":{"executionId":"12","workflowId":"6fRTY6FeaXdr0UE4","isManual":false,"workflowName":"My First Workflow"}}
{"__type":"$$EventMessageConfirm","confirm":"8cb7bf25-56a5-4dff-a013-023ad8d5cb28","ts":"2025-12-22T10:56:38.877-05:00","source":{"id":"0","name":"eventBus"}}
{"__type":"$$EventMessageWorkflow","id":"e34d08bb-4ca9-4079-8785-8454c2763e70","ts":"2025-12-22T10:56:39.711-05:00","eventName":"n8n.workflow.success","message":"n8n.workflow.success","payload":{"userId":"1af58939-bdd5-4d93-a5b5-b5270cb1b72e","executionId":"12","success":true,"isManual":true,"workflowId":"6fRTY6FeaXdr0UE4","workflowName":"My First Workflow"}}
{"__type":"$$EventMessageConfirm","confirm":"e34d08bb-4ca9-4079-8785-8454c2763e70","ts":"2025-12-22T10:56:39.711-05:00","source":{"id":"0","name":"eventBus"}}
{"__type":"$$EventMessageRunner","id":"1dd22e8e-b1bd-4b4b-a649-58c78a29de28","ts":"2025-12-22T10:56:39.711-05:00","eventName":"n8n.queue.job.completed","message":"n8n.queue.job.completed","payload":{"executionId":"12","workflowId":"6fRTY6FeaXdr0UE4","hostId":"main-265389814f76","jobId":"12"}}
{"__type":"$$EventMessageConfirm","confirm":"1dd22e8e-b1bd-4b4b-a649-58c78a29de28","ts":"2025-12-22T10:56:39.711-05:00","source":{"id":"0","name":"eventBus"}}
{"__type":"$$EventMessageAudit","id":"f91e0e20-60cd-480a-b0ae-88ae1d05c6d5","ts":"2025-12-22T10:57:06.176-05:00","eventName":"n8n.audit.workflow.updated","message":"n8n.audit.workflow.updated","payload":{"userId":"1af58939-bdd5-4d93-a5b5-b5270cb1b72e","_email":"cloudyvdb@gmail.com","_firstName":"thierry","_lastName":"broucke","globalRole":"global:owner","workflowId":"6fRTY6FeaXdr0UE4","workflowName":"My First Workflow"}}
{"__type":"$$EventMessageConfirm","confirm":"f91e0e20-60cd-480a-b0ae-88ae1d05c6d5","ts":"2025-12-22T10:57:06.176-05:00","source":{"id":"0","name":"eventBus"}}
{"__type":"$$EventMessageAudit","id":"a963d588-526d-4e7f-9503-29e79f1eebf9","ts":"2025-12-22T10:58:17.264-05:00","eventName":"n8n.audit.workflow.updated","message":"n8n.audit.workflow.updated","payload":{"userId":"1af58939-bdd5-4d93-a5b5-b5270cb1b72e","_email":"cloudyvdb@gmail.com","_firstName":"thierry","_lastName":"broucke","globalRole":"global:owner","workflowId":"6fRTY6FeaXdr0UE4","workflowName":"My First Workflow"}}
{"__type":"$$EventMessageConfirm","confirm":"a963d588-526d-4e7f-9503-29e79f1eebf9","ts":"2025-12-22T10:58:17.264-05:00","source":{"id":"0","name":"eventBus"}}
{"__type":"$$EventMessageAudit","id":"3f912d1b-c0be-4fbd-b013-4b9abb85b02f","ts":"2025-12-23T05:36:58.864-05:00","eventName":"n8n.audit.user.login.success","message":"n8n.audit.user.login.success","payload":{"userId":"1af58939-bdd5-4d93-a5b5-b5270cb1b72e","_email":"cloudyvdb@gmail.com","_firstName":"thierry","_lastName":"broucke","globalRole":"global:owner","authenticationMethod":"email"}}
{"__type":"$$EventMessageConfirm","confirm":"3f912d1b-c0be-4fbd-b013-4b9abb85b02f","ts":"2025-12-23T05:36:58.864-05:00","source":{"id":"0","name":"eventBus"}}
