{"__type":"$$EventMessage","id":"82c1275c-92e2-4c4e-ba3a-239b4fe82b66","ts":"2025-12-22T13:33:17.654+00:00","eventName":"n8n.worker.started","message":"n8n.worker.started","payload":{"workerId":"worker-5983d0b4cc16"}}
{"__type":"$$EventMessageConfirm","confirm":"82c1275c-92e2-4c4e-ba3a-239b4fe82b66","ts":"2025-12-22T13:33:17.655+00:00","source":{"id":"0","name":"eventBus"}}
{"__type":"$$EventMessageRunner","id":"551e4fad-b16c-44b9-85e6-2c1b7629f21e","ts":"2025-12-22T15:46:14.777+00:00","eventName":"n8n.queue.job.dequeued","message":"n8n.queue.job.dequeued","payload":{"executionId":"1","workflowId":"6fRTY6FeaXdr0UE4","hostId":"worker-5983d0b4cc16","jobId":"1"}}
{"__type":"$$EventMessageConfirm","confirm":"551e4fad-b16c-44b9-85e6-2c1b7629f21e","ts":"2025-12-22T15:46:14.777+00:00","source":{"id":"0","name":"eventBus"}}
{"__type":"$$EventMessageNode","id":"dffaa1ec-e835-4ebb-8eab-44fbae19279a","ts":"2025-12-22T15:46:14.819+00:00","eventName":"n8n.node.started","message":"n8n.node.started","payload":{"workflowId":"6fRTY6FeaXdr0UE4","workflowName":"My First Workflow","executionId":"1","nodeType":"n8n-nodes-base.manualTrigger","nodeName":"When clicking ‘Execute workflow’","nodeId":"8294f70f-3cdf-4da1-b54f-e92c286615df"}}
{"__type":"$$EventMessageConfirm","confirm":"dffaa1ec-e835-4ebb-8eab-44fbae19279a","ts":"2025-12-22T15:46:14.819+00:00","source":{"id":"0","name":"eventBus"}}
{"__type":"$$EventMessageNode","id":"dff8a9b7-f02a-4b10-8473-a7c09882f953","ts":"2025-12-22T15:46:14.824+00:00","eventName":"n8n.node.finished","message":"n8n.node.finished","payload":{"workflowId":"6fRTY6FeaXdr0UE4","workflowName":"My First Workflow","executionId":"1","nodeType":"n8n-nodes-base.manualTrigger","nodeName":"When clicking ‘Execute workflow’","nodeId":"8294f70f-3cdf-4da1-b54f-e92c286615df"}}
{"__type":"$$EventMessageConfirm","confirm":"dff8a9b7-f02a-4b10-8473-a7c09882f953","ts":"2025-12-22T15:46:14.825+00:00","source":{"id":"0","name":"eventBus"}}
{"__type":"$$EventMessageNode","id":"373e3f8a-670e-4f8f-aa2c-455f2f4cad4d","ts":"2025-12-22T15:46:14.826+00:00","eventName":"n8n.node.started","message":"n8n.node.started","payload":{"workflowId":"6fRTY6FeaXdr0UE4","workflowName":"My First Workflow","executionId":"1","nodeType":"n8n-nodes-base.hackerNews","nodeName":"Get many items","nodeId":"68ad1129-ec53-4df6-92e8-13ef2787bc37"}}
{"__type":"$$EventMessageConfirm","confirm":"373e3f8a-670e-4f8f-aa2c-455f2f4cad4d","ts":"2025-12-22T15:46:14.826+00:00","source":{"id":"0","name":"eventBus"}}
{"__type":"$$EventMessageNode","id":"ede518a4-f1e3-4b14-94d1-28ed789353c5","ts":"2025-12-22T15:46:15.438+00:00","eventName":"n8n.node.finished","message":"n8n.node.finished","payload":{"workflowId":"6fRTY6FeaXdr0UE4","workflowName":"My First Workflow","executionId":"1","nodeType":"n8n-nodes-base.hackerNews","nodeName":"Get many items","nodeId":"68ad1129-ec53-4df6-92e8-13ef2787bc37"}}
{"__type":"$$EventMessageConfirm","confirm":"ede518a4-f1e3-4b14-94d1-28ed789353c5","ts":"2025-12-22T15:46:15.438+00:00","source":{"id":"0","name":"eventBus"}}
{"__type":"$$EventMessageRunner","id":"6f5a377e-f02c-495b-9f59-09be2571e4df","ts":"2025-12-22T15:46:43.315+00:00","eventName":"n8n.queue.job.dequeued","message":"n8n.queue.job.dequeued","payload":{"executionId":"2","workflowId":"6fRTY6FeaXdr0UE4","hostId":"worker-5983d0b4cc16","jobId":"2"}}
{"__type":"$$EventMessageConfirm","confirm":"6f5a377e-f02c-495b-9f59-09be2571e4df","ts":"2025-12-22T15:46:43.315+00:00","source":{"id":"0","name":"eventBus"}}
{"__type":"$$EventMessageNode","id":"ac8203df-7c0a-4528-a2e9-f4a31898b849","ts":"2025-12-22T15:46:43.327+00:00","eventName":"n8n.node.started","message":"n8n.node.started","payload":{"workflowId":"6fRTY6FeaXdr0UE4","workflowName":"My First Workflow","executionId":"2","nodeType":"n8n-nodes-base.manualTrigger","nodeName":"When clicking ‘Execute workflow’","nodeId":"8294f70f-3cdf-4da1-b54f-e92c286615df"}}
{"__type":"$$EventMessageConfirm","confirm":"ac8203df-7c0a-4528-a2e9-f4a31898b849","ts":"2025-12-22T15:46:43.327+00:00","source":{"id":"0","name":"eventBus"}}
{"__type":"$$EventMessageNode","id":"64a18c5c-3ad8-4d44-be5c-9b5931416c49","ts":"2025-12-22T15:46:43.328+00:00","eventName":"n8n.node.finished","message":"n8n.node.finished","payload":{"workflowId":"6fRTY6FeaXdr0UE4","workflowName":"My First Workflow","executionId":"2","nodeType":"n8n-nodes-base.manualTrigger","nodeName":"When clicking ‘Execute workflow’","nodeId":"8294f70f-3cdf-4da1-b54f-e92c286615df"}}
{"__type":"$$EventMessageConfirm","confirm":"64a18c5c-3ad8-4d44-be5c-9b5931416c49","ts":"2025-12-22T15:46:43.328+00:00","source":{"id":"0","name":"eventBus"}}
{"__type":"$$EventMessageNode","id":"96e68ad6-859d-4bbb-b5ec-278c65c8aab0","ts":"2025-12-22T15:46:43.328+00:00","eventName":"n8n.node.started","message":"n8n.node.started","payload":{"workflowId":"6fRTY6FeaXdr0UE4","workflowName":"My First Workflow","executionId":"2","nodeType":"n8n-nodes-base.hackerNews","nodeName":"Get many items","nodeId":"68ad1129-ec53-4df6-92e8-13ef2787bc37"}}
{"__type":"$$EventMessageConfirm","confirm":"96e68ad6-859d-4bbb-b5ec-278c65c8aab0","ts":"2025-12-22T15:46:43.328+00:00","source":{"id":"0","name":"eventBus"}}
{"__type":"$$EventMessageNode","id":"7a90771a-02b4-41e6-8d57-0b9162823846","ts":"2025-12-22T15:46:43.854+00:00","eventName":"n8n.node.finished","message":"n8n.node.finished","payload":{"workflowId":"6fRTY6FeaXdr0UE4","workflowName":"My First Workflow","executionId":"2","nodeType":"n8n-nodes-base.hackerNews","nodeName":"Get many items","nodeId":"68ad1129-ec53-4df6-92e8-13ef2787bc37"}}
{"__type":"$$EventMessageConfirm","confirm":"7a90771a-02b4-41e6-8d57-0b9162823846","ts":"2025-12-22T15:46:43.854+00:00","source":{"id":"0","name":"eventBus"}}
{"__type":"$$EventMessageRunner","id":"ec053815-3e96-42fd-b38a-567ef378c64e","ts":"2025-12-22T15:49:02.680+00:00","eventName":"n8n.queue.job.dequeued","message":"n8n.queue.job.dequeued","payload":{"executionId":"3","workflowId":"6fRTY6FeaXdr0UE4","hostId":"worker-5983d0b4cc16","jobId":"3"}}
{"__type":"$$EventMessageConfirm","confirm":"ec053815-3e96-42fd-b38a-567ef378c64e","ts":"2025-12-22T15:49:02.680+00:00","source":{"id":"0","name":"eventBus"}}
{"__type":"$$EventMessageNode","id":"0686465c-be3e-4ba8-bae4-2246dd26d043","ts":"2025-12-22T15:49:02.694+00:00","eventName":"n8n.node.started","message":"n8n.node.started","payload":{"workflowId":"6fRTY6FeaXdr0UE4","workflowName":"My First Workflow","executionId":"3","nodeType":"n8n-nodes-base.hackerNews","nodeName":"Get many items","nodeId":"68ad1129-ec53-4df6-92e8-13ef2787bc37"}}
{"__type":"$$EventMessageConfirm","confirm":"0686465c-be3e-4ba8-bae4-2246dd26d043","ts":"2025-12-22T15:49:02.694+00:00","source":{"id":"0","name":"eventBus"}}
{"__type":"$$EventMessageNode","id":"86df4891-dda8-43f3-9497-3d1df4c975b4","ts":"2025-12-22T15:49:03.264+00:00","eventName":"n8n.node.finished","message":"n8n.node.finished","payload":{"workflowId":"6fRTY6FeaXdr0UE4","workflowName":"My First Workflow","executionId":"3","nodeType":"n8n-nodes-base.hackerNews","nodeName":"Get many items","nodeId":"68ad1129-ec53-4df6-92e8-13ef2787bc37"}}
{"__type":"$$EventMessageConfirm","confirm":"86df4891-dda8-43f3-9497-3d1df4c975b4","ts":"2025-12-22T15:49:03.264+00:00","source":{"id":"0","name":"eventBus"}}
{"__type":"$$EventMessageRunner","id":"6eacdad0-e026-4f41-8723-955570c147ee","ts":"2025-12-22T15:49:19.301+00:00","eventName":"n8n.queue.job.dequeued","message":"n8n.queue.job.dequeued","payload":{"executionId":"4","workflowId":"6fRTY6FeaXdr0UE4","hostId":"worker-5983d0b4cc16","jobId":"4"}}
{"__type":"$$EventMessageConfirm","confirm":"6eacdad0-e026-4f41-8723-955570c147ee","ts":"2025-12-22T15:49:19.301+00:00","source":{"id":"0","name":"eventBus"}}
{"__type":"$$EventMessageNode","id":"630a6800-f60f-4a4b-86d6-76a955cf1b8e","ts":"2025-12-22T15:49:19.312+00:00","eventName":"n8n.node.started","message":"n8n.node.started","payload":{"workflowId":"6fRTY6FeaXdr0UE4","workflowName":"My First Workflow","executionId":"4","nodeType":"n8n-nodes-base.manualTrigger","nodeName":"When clicking ‘Execute workflow’","nodeId":"8294f70f-3cdf-4da1-b54f-e92c286615df"}}
{"__type":"$$EventMessageConfirm","confirm":"630a6800-f60f-4a4b-86d6-76a955cf1b8e","ts":"2025-12-22T15:49:19.312+00:00","source":{"id":"0","name":"eventBus"}}
{"__type":"$$EventMessageNode","id":"7df8419b-650f-4611-be52-893bb207706c","ts":"2025-12-22T15:49:19.313+00:00","eventName":"n8n.node.finished","message":"n8n.node.finished","payload":{"workflowId":"6fRTY6FeaXdr0UE4","workflowName":"My First Workflow","executionId":"4","nodeType":"n8n-nodes-base.manualTrigger","nodeName":"When clicking ‘Execute workflow’","nodeId":"8294f70f-3cdf-4da1-b54f-e92c286615df"}}
{"__type":"$$EventMessageConfirm","confirm":"7df8419b-650f-4611-be52-893bb207706c","ts":"2025-12-22T15:49:19.313+00:00","source":{"id":"0","name":"eventBus"}}
{"__type":"$$EventMessageNode","id":"6047edb3-c439-4a96-a9f1-f30a7abe1981","ts":"2025-12-22T15:49:19.314+00:00","eventName":"n8n.node.started","message":"n8n.node.started","payload":{"workflowId":"6fRTY6FeaXdr0UE4","workflowName":"My First Workflow","executionId":"4","nodeType":"n8n-nodes-base.hackerNews","nodeName":"Get many items","nodeId":"68ad1129-ec53-4df6-92e8-13ef2787bc37"}}
{"__type":"$$EventMessageConfirm","confirm":"6047edb3-c439-4a96-a9f1-f30a7abe1981","ts":"2025-12-22T15:49:19.314+00:00","source":{"id":"0","name":"eventBus"}}
{"__type":"$$EventMessageNode","id":"792d828e-f349-4081-9caf-2ee90db4cb7c","ts":"2025-12-22T15:49:19.843+00:00","eventName":"n8n.node.finished","message":"n8n.node.finished","payload":{"workflowId":"6fRTY6FeaXdr0UE4","workflowName":"My First Workflow","executionId":"4","nodeType":"n8n-nodes-base.hackerNews","nodeName":"Get many items","nodeId":"68ad1129-ec53-4df6-92e8-13ef2787bc37"}}
{"__type":"$$EventMessageConfirm","confirm":"792d828e-f349-4081-9caf-2ee90db4cb7c","ts":"2025-12-22T15:49:19.843+00:00","source":{"id":"0","name":"eventBus"}}
{"__type":"$$EventMessageRunner","id":"ff048e5a-e35b-4a5d-b70e-e71f2d8f59f8","ts":"2025-12-22T15:49:51.543+00:00","eventName":"n8n.queue.job.dequeued","message":"n8n.queue.job.dequeued","payload":{"executionId":"5","workflowId":"6fRTY6FeaXdr0UE4","hostId":"worker-5983d0b4cc16","jobId":"5"}}
{"__type":"$$EventMessageConfirm","confirm":"ff048e5a-e35b-4a5d-b70e-e71f2d8f59f8","ts":"2025-12-22T15:49:51.543+00:00","source":{"id":"0","name":"eventBus"}}
{"__type":"$$EventMessageNode","id":"4967b5f5-b71f-4d2a-bdd2-c5596b44aad2","ts":"2025-12-22T15:49:51.556+00:00","eventName":"n8n.node.started","message":"n8n.node.started","payload":{"workflowId":"6fRTY6FeaXdr0UE4","workflowName":"My First Workflow","executionId":"5","nodeType":"n8n-nodes-base.hackerNews","nodeName":"Get many items","nodeId":"68ad1129-ec53-4df6-92e8-13ef2787bc37"}}
{"__type":"$$EventMessageConfirm","confirm":"4967b5f5-b71f-4d2a-bdd2-c5596b44aad2","ts":"2025-12-22T15:49:51.556+00:00","source":{"id":"0","name":"eventBus"}}
{"__type":"$$EventMessageNode","id":"8e8e29e0-0850-416d-9d7d-321602e88f64","ts":"2025-12-22T15:49:52.420+00:00","eventName":"n8n.node.finished","message":"n8n.node.finished","payload":{"workflowId":"6fRTY6FeaXdr0UE4","workflowName":"My First Workflow","executionId":"5","nodeType":"n8n-nodes-base.hackerNews","nodeName":"Get many items","nodeId":"68ad1129-ec53-4df6-92e8-13ef2787bc37"}}
{"__type":"$$EventMessageConfirm","confirm":"8e8e29e0-0850-416d-9d7d-321602e88f64","ts":"2025-12-22T15:49:52.420+00:00","source":{"id":"0","name":"eventBus"}}
{"__type":"$$EventMessageRunner","id":"eb7c8259-79c4-4c69-9e8c-a0cb702d3854","ts":"2025-12-22T15:50:06.298+00:00","eventName":"n8n.queue.job.dequeued","message":"n8n.queue.job.dequeued","payload":{"executionId":"6","workflowId":"6fRTY6FeaXdr0UE4","hostId":"worker-5983d0b4cc16","jobId":"6"}}
{"__type":"$$EventMessageConfirm","confirm":"eb7c8259-79c4-4c69-9e8c-a0cb702d3854","ts":"2025-12-22T15:50:06.298+00:00","source":{"id":"0","name":"eventBus"}}
{"__type":"$$EventMessageNode","id":"08267adc-34d4-43a6-9c91-ded06c635efb","ts":"2025-12-22T15:50:06.326+00:00","eventName":"n8n.node.started","message":"n8n.node.started","payload":{"workflowId":"6fRTY6FeaXdr0UE4","workflowName":"My First Workflow","executionId":"6","nodeType":"n8n-nodes-base.hackerNews","nodeName":"Get many items","nodeId":"68ad1129-ec53-4df6-92e8-13ef2787bc37"}}
{"__type":"$$EventMessageConfirm","confirm":"08267adc-34d4-43a6-9c91-ded06c635efb","ts":"2025-12-22T15:50:06.326+00:00","source":{"id":"0","name":"eventBus"}}
{"__type":"$$EventMessageNode","id":"eec5f34f-6498-45df-af14-da317347a8c6","ts":"2025-12-22T15:50:06.876+00:00","eventName":"n8n.node.finished","message":"n8n.node.finished","payload":{"workflowId":"6fRTY6FeaXdr0UE4","workflowName":"My First Workflow","executionId":"6","nodeType":"n8n-nodes-base.hackerNews","nodeName":"Get many items","nodeId":"68ad1129-ec53-4df6-92e8-13ef2787bc37"}}
{"__type":"$$EventMessageConfirm","confirm":"eec5f34f-6498-45df-af14-da317347a8c6","ts":"2025-12-22T15:50:06.877+00:00","source":{"id":"0","name":"eventBus"}}
{"__type":"$$EventMessageRunner","id":"9142609d-2ae6-4503-96a9-d3d6f91ffde7","ts":"2025-12-22T15:51:10.451+00:00","eventName":"n8n.queue.job.dequeued","message":"n8n.queue.job.dequeued","payload":{"executionId":"7","workflowId":"6fRTY6FeaXdr0UE4","hostId":"worker-5983d0b4cc16","jobId":"7"}}
{"__type":"$$EventMessageConfirm","confirm":"9142609d-2ae6-4503-96a9-d3d6f91ffde7","ts":"2025-12-22T15:51:10.451+00:00","source":{"id":"0","name":"eventBus"}}
{"__type":"$$EventMessageNode","id":"f1baf29d-4951-4df5-950f-373442dbc136","ts":"2025-12-22T15:51:10.468+00:00","eventName":"n8n.node.started","message":"n8n.node.started","payload":{"workflowId":"6fRTY6FeaXdr0UE4","workflowName":"My First Workflow","executionId":"7","nodeType":"n8n-nodes-base.limit","nodeName":"Limit","nodeId":"4a131e59-f52b-4209-98bc-f38c8334d9f3"}}
{"__type":"$$EventMessageConfirm","confirm":"f1baf29d-4951-4df5-950f-373442dbc136","ts":"2025-12-22T15:51:10.468+00:00","source":{"id":"0","name":"eventBus"}}
{"__type":"$$EventMessageNode","id":"adfcc6be-81fa-458c-a7b6-f528e895c91e","ts":"2025-12-22T15:51:10.469+00:00","eventName":"n8n.node.finished","message":"n8n.node.finished","payload":{"workflowId":"6fRTY6FeaXdr0UE4","workflowName":"My First Workflow","executionId":"7","nodeType":"n8n-nodes-base.limit","nodeName":"Limit","nodeId":"4a131e59-f52b-4209-98bc-f38c8334d9f3"}}
{"__type":"$$EventMessageConfirm","confirm":"adfcc6be-81fa-458c-a7b6-f528e895c91e","ts":"2025-12-22T15:51:10.469+00:00","source":{"id":"0","name":"eventBus"}}
{"__type":"$$EventMessageRunner","id":"22cf3f25-8e5b-42ea-8d48-052a0e506633","ts":"2025-12-22T15:53:19.847+00:00","eventName":"n8n.queue.job.dequeued","message":"n8n.queue.job.dequeued","payload":{"executionId":"8","workflowId":"6fRTY6FeaXdr0UE4","hostId":"worker-5983d0b4cc16","jobId":"8"}}
{"__type":"$$EventMessageConfirm","confirm":"22cf3f25-8e5b-42ea-8d48-052a0e506633","ts":"2025-12-22T15:53:19.847+00:00","source":{"id":"0","name":"eventBus"}}
{"__type":"$$EventMessageNode","id":"d92941ea-d013-4cb9-97ff-0905f9ae3811","ts":"2025-12-22T15:53:19.862+00:00","eventName":"n8n.node.started","message":"n8n.node.started","payload":{"workflowId":"6fRTY6FeaXdr0UE4","workflowName":"My First Workflow","executionId":"8","nodeType":"n8n-nodes-base.postBin","nodeName":"Send a request","nodeId":"b96f3681-35eb-4522-8c6e-377ad7b379e7"}}
{"__type":"$$EventMessageConfirm","confirm":"d92941ea-d013-4cb9-97ff-0905f9ae3811","ts":"2025-12-22T15:53:19.862+00:00","source":{"id":"0","name":"eventBus"}}
{"__type":"$$EventMessageNode","id":"d1d09141-0c3c-4d5b-9f09-5e9c90e66669","ts":"2025-12-22T12:53:20.395-03:00","eventName":"n8n.node.finished","message":"n8n.node.finished","payload":{"workflowId":"6fRTY6FeaXdr0UE4","workflowName":"My First Workflow","executionId":"8","nodeType":"n8n-nodes-base.postBin","nodeName":"Send a request","nodeId":"b96f3681-35eb-4522-8c6e-377ad7b379e7"}}
{"__type":"$$EventMessageConfirm","confirm":"d1d09141-0c3c-4d5b-9f09-5e9c90e66669","ts":"2025-12-22T12:53:20.395-03:00","source":{"id":"0","name":"eventBus"}}
{"__type":"$$EventMessageRunner","id":"46e57224-3372-43e9-9f7c-aa4198a36989","ts":"2025-12-22T12:55:01.670-03:00","eventName":"n8n.queue.job.dequeued","message":"n8n.queue.job.dequeued","payload":{"executionId":"9","workflowId":"6fRTY6FeaXdr0UE4","hostId":"worker-5983d0b4cc16","jobId":"9"}}
{"__type":"$$EventMessageConfirm","confirm":"46e57224-3372-43e9-9f7c-aa4198a36989","ts":"2025-12-22T12:55:01.670-03:00","source":{"id":"0","name":"eventBus"}}
{"__type":"$$EventMessageNode","id":"6c9198b5-8e4f-4f6a-9318-14ebf0e2236a","ts":"2025-12-22T12:55:01.682-03:00","eventName":"n8n.node.started","message":"n8n.node.started","payload":{"workflowId":"6fRTY6FeaXdr0UE4","workflowName":"My First Workflow","executionId":"9","nodeType":"n8n-nodes-base.postBin","nodeName":"Get a request","nodeId":"b96f3681-35eb-4522-8c6e-377ad7b379e7"}}
{"__type":"$$EventMessageConfirm","confirm":"6c9198b5-8e4f-4f6a-9318-14ebf0e2236a","ts":"2025-12-22T12:55:01.682-03:00","source":{"id":"0","name":"eventBus"}}
{"__type":"$$EventMessageNode","id":"bb7afed8-5e10-4c43-bdaa-4391c387b308","ts":"2025-12-22T12:55:02.348-03:00","eventName":"n8n.node.finished","message":"n8n.node.finished","payload":{"workflowId":"6fRTY6FeaXdr0UE4","workflowName":"My First Workflow","executionId":"9","nodeType":"n8n-nodes-base.postBin","nodeName":"Get a request","nodeId":"b96f3681-35eb-4522-8c6e-377ad7b379e7"}}
{"__type":"$$EventMessageConfirm","confirm":"bb7afed8-5e10-4c43-bdaa-4391c387b308","ts":"2025-12-22T12:55:02.349-03:00","source":{"id":"0","name":"eventBus"}}
{"__type":"$$EventMessageRunner","id":"dbd81af3-ef9d-46ee-b3ae-2b0678821256","ts":"2025-12-22T12:55:35.969-03:00","eventName":"n8n.queue.job.dequeued","message":"n8n.queue.job.dequeued","payload":{"executionId":"10","workflowId":"6fRTY6FeaXdr0UE4","hostId":"worker-5983d0b4cc16","jobId":"10"}}
{"__type":"$$EventMessageConfirm","confirm":"dbd81af3-ef9d-46ee-b3ae-2b0678821256","ts":"2025-12-22T12:55:35.969-03:00","source":{"id":"0","name":"eventBus"}}
{"__type":"$$EventMessageNode","id":"7d56f2ca-1387-408b-b04d-f93702acf3aa","ts":"2025-12-22T12:55:35.977-03:00","eventName":"n8n.node.started","message":"n8n.node.started","payload":{"workflowId":"6fRTY6FeaXdr0UE4","workflowName":"My First Workflow","executionId":"10","nodeType":"n8n-nodes-base.manualTrigger","nodeName":"When clicking ‘Execute workflow’","nodeId":"8294f70f-3cdf-4da1-b54f-e92c286615df"}}
{"__type":"$$EventMessageConfirm","confirm":"7d56f2ca-1387-408b-b04d-f93702acf3aa","ts":"2025-12-22T12:55:35.977-03:00","source":{"id":"0","name":"eventBus"}}
{"__type":"$$EventMessageNode","id":"c2b0de93-5c12-4197-a557-62bd4a2384de","ts":"2025-12-22T12:55:35.978-03:00","eventName":"n8n.node.finished","message":"n8n.node.finished","payload":{"workflowId":"6fRTY6FeaXdr0UE4","workflowName":"My First Workflow","executionId":"10","nodeType":"n8n-nodes-base.manualTrigger","nodeName":"When clicking ‘Execute workflow’","nodeId":"8294f70f-3cdf-4da1-b54f-e92c286615df"}}
{"__type":"$$EventMessageConfirm","confirm":"c2b0de93-5c12-4197-a557-62bd4a2384de","ts":"2025-12-22T12:55:35.979-03:00","source":{"id":"0","name":"eventBus"}}
{"__type":"$$EventMessageNode","id":"4d1f5e1e-5a7f-4cc0-97fe-d9e0102c5703","ts":"2025-12-22T12:55:35.979-03:00","eventName":"n8n.node.started","message":"n8n.node.started","payload":{"workflowId":"6fRTY6FeaXdr0UE4","workflowName":"My First Workflow","executionId":"10","nodeType":"n8n-nodes-base.hackerNews","nodeName":"Get many items","nodeId":"68ad1129-ec53-4df6-92e8-13ef2787bc37"}}
{"__type":"$$EventMessageConfirm","confirm":"4d1f5e1e-5a7f-4cc0-97fe-d9e0102c5703","ts":"2025-12-22T12:55:35.980-03:00","source":{"id":"0","name":"eventBus"}}
{"__type":"$$EventMessageNode","id":"c5143e61-45a0-4e37-856f-76c69b9d17fc","ts":"2025-12-22T12:55:36.549-03:00","eventName":"n8n.node.finished","message":"n8n.node.finished","payload":{"workflowId":"6fRTY6FeaXdr0UE4","workflowName":"My First Workflow","executionId":"10","nodeType":"n8n-nodes-base.hackerNews","nodeName":"Get many items","nodeId":"68ad1129-ec53-4df6-92e8-13ef2787bc37"}}
{"__type":"$$EventMessageConfirm","confirm":"c5143e61-45a0-4e37-856f-76c69b9d17fc","ts":"2025-12-22T12:55:36.551-03:00","source":{"id":"0","name":"eventBus"}}
{"__type":"$$EventMessageNode","id":"cc6d9334-dc51-45c9-99d9-744c0c20a623","ts":"2025-12-22T12:55:36.552-03:00","eventName":"n8n.node.started","message":"n8n.node.started","payload":{"workflowId":"6fRTY6FeaXdr0UE4","workflowName":"My First Workflow","executionId":"10","nodeType":"n8n-nodes-base.limit","nodeName":"Limit","nodeId":"4a131e59-f52b-4209-98bc-f38c8334d9f3"}}
{"__type":"$$EventMessageConfirm","confirm":"cc6d9334-dc51-45c9-99d9-744c0c20a623","ts":"2025-12-22T12:55:36.552-03:00","source":{"id":"0","name":"eventBus"}}
{"__type":"$$EventMessageNode","id":"f33a5021-77bd-424b-82e0-66639fcd9355","ts":"2025-12-22T12:55:36.553-03:00","eventName":"n8n.node.finished","message":"n8n.node.finished","payload":{"workflowId":"6fRTY6FeaXdr0UE4","workflowName":"My First Workflow","executionId":"10","nodeType":"n8n-nodes-base.limit","nodeName":"Limit","nodeId":"4a131e59-f52b-4209-98bc-f38c8334d9f3"}}
{"__type":"$$EventMessageConfirm","confirm":"f33a5021-77bd-424b-82e0-66639fcd9355","ts":"2025-12-22T12:55:36.553-03:00","source":{"id":"0","name":"eventBus"}}
{"__type":"$$EventMessageNode","id":"5a870d3c-8f91-461e-b50f-8130e374ac57","ts":"2025-12-22T12:55:36.554-03:00","eventName":"n8n.node.started","message":"n8n.node.started","payload":{"workflowId":"6fRTY6FeaXdr0UE4","workflowName":"My First Workflow","executionId":"10","nodeType":"n8n-nodes-base.postBin","nodeName":"Get a request","nodeId":"b96f3681-35eb-4522-8c6e-377ad7b379e7"}}
{"__type":"$$EventMessageConfirm","confirm":"5a870d3c-8f91-461e-b50f-8130e374ac57","ts":"2025-12-22T12:55:36.554-03:00","source":{"id":"0","name":"eventBus"}}
{"__type":"$$EventMessageNode","id":"d46cf2ec-1906-4bc1-a6cb-d8d21859b8e9","ts":"2025-12-22T12:55:36.839-03:00","eventName":"n8n.node.finished","message":"n8n.node.finished","payload":{"workflowId":"6fRTY6FeaXdr0UE4","workflowName":"My First Workflow","executionId":"10","nodeType":"n8n-nodes-base.postBin","nodeName":"Get a request","nodeId":"b96f3681-35eb-4522-8c6e-377ad7b379e7"}}
{"__type":"$$EventMessageConfirm","confirm":"d46cf2ec-1906-4bc1-a6cb-d8d21859b8e9","ts":"2025-12-22T12:55:36.840-03:00","source":{"id":"0","name":"eventBus"}}
{"__type":"$$EventMessageRunner","id":"3d877b12-05d6-4ea2-97e1-ca7012b05f5f","ts":"2025-12-22T12:56:13.591-03:00","eventName":"n8n.queue.job.dequeued","message":"n8n.queue.job.dequeued","payload":{"executionId":"11","workflowId":"6fRTY6FeaXdr0UE4","hostId":"worker-5983d0b4cc16","jobId":"11"}}
{"__type":"$$EventMessageConfirm","confirm":"3d877b12-05d6-4ea2-97e1-ca7012b05f5f","ts":"2025-12-22T12:56:13.591-03:00","source":{"id":"0","name":"eventBus"}}
{"__type":"$$EventMessageNode","id":"d91e1052-e356-4ecb-998f-91e52245419e","ts":"2025-12-22T12:56:13.610-03:00","eventName":"n8n.node.started","message":"n8n.node.started","payload":{"workflowId":"6fRTY6FeaXdr0UE4","workflowName":"My First Workflow","executionId":"11","nodeType":"n8n-nodes-base.manualTrigger","nodeName":"When clicking ‘Execute workflow’","nodeId":"8294f70f-3cdf-4da1-b54f-e92c286615df"}}
{"__type":"$$EventMessageConfirm","confirm":"d91e1052-e356-4ecb-998f-91e52245419e","ts":"2025-12-22T12:56:13.610-03:00","source":{"id":"0","name":"eventBus"}}
{"__type":"$$EventMessageNode","id":"d50c58d0-8331-49e0-97ac-aa589509ba12","ts":"2025-12-22T12:56:13.610-03:00","eventName":"n8n.node.finished","message":"n8n.node.finished","payload":{"workflowId":"6fRTY6FeaXdr0UE4","workflowName":"My First Workflow","executionId":"11","nodeType":"n8n-nodes-base.manualTrigger","nodeName":"When clicking ‘Execute workflow’","nodeId":"8294f70f-3cdf-4da1-b54f-e92c286615df"}}
{"__type":"$$EventMessageConfirm","confirm":"d50c58d0-8331-49e0-97ac-aa589509ba12","ts":"2025-12-22T12:56:13.610-03:00","source":{"id":"0","name":"eventBus"}}
{"__type":"$$EventMessageNode","id":"cbe7f341-5b5b-43f6-9b29-d154a6c989c9","ts":"2025-12-22T12:56:13.611-03:00","eventName":"n8n.node.started","message":"n8n.node.started","payload":{"workflowId":"6fRTY6FeaXdr0UE4","workflowName":"My First Workflow","executionId":"11","nodeType":"n8n-nodes-base.hackerNews","nodeName":"Get many items","nodeId":"68ad1129-ec53-4df6-92e8-13ef2787bc37"}}
{"__type":"$$EventMessageConfirm","confirm":"cbe7f341-5b5b-43f6-9b29-d154a6c989c9","ts":"2025-12-22T12:56:13.611-03:00","source":{"id":"0","name":"eventBus"}}
{"__type":"$$EventMessageNode","id":"8549d6c9-b7bd-4814-aba2-7313de8f51fa","ts":"2025-12-22T12:56:14.135-03:00","eventName":"n8n.node.finished","message":"n8n.node.finished","payload":{"workflowId":"6fRTY6FeaXdr0UE4","workflowName":"My First Workflow","executionId":"11","nodeType":"n8n-nodes-base.hackerNews","nodeName":"Get many items","nodeId":"68ad1129-ec53-4df6-92e8-13ef2787bc37"}}
{"__type":"$$EventMessageConfirm","confirm":"8549d6c9-b7bd-4814-aba2-7313de8f51fa","ts":"2025-12-22T12:56:14.136-03:00","source":{"id":"0","name":"eventBus"}}
{"__type":"$$EventMessageNode","id":"f7b18c2c-2654-42db-a627-50bb3765329f","ts":"2025-12-22T12:56:14.137-03:00","eventName":"n8n.node.started","message":"n8n.node.started","payload":{"workflowId":"6fRTY6FeaXdr0UE4","workflowName":"My First Workflow","executionId":"11","nodeType":"n8n-nodes-base.limit","nodeName":"Limit","nodeId":"4a131e59-f52b-4209-98bc-f38c8334d9f3"}}
{"__type":"$$EventMessageConfirm","confirm":"f7b18c2c-2654-42db-a627-50bb3765329f","ts":"2025-12-22T12:56:14.137-03:00","source":{"id":"0","name":"eventBus"}}
{"__type":"$$EventMessageNode","id":"49772757-a8d7-4023-9e1f-1c91df67ecf4","ts":"2025-12-22T12:56:14.137-03:00","eventName":"n8n.node.finished","message":"n8n.node.finished","payload":{"workflowId":"6fRTY6FeaXdr0UE4","workflowName":"My First Workflow","executionId":"11","nodeType":"n8n-nodes-base.limit","nodeName":"Limit","nodeId":"4a131e59-f52b-4209-98bc-f38c8334d9f3"}}
{"__type":"$$EventMessageConfirm","confirm":"49772757-a8d7-4023-9e1f-1c91df67ecf4","ts":"2025-12-22T12:56:14.137-03:00","source":{"id":"0","name":"eventBus"}}
{"__type":"$$EventMessageNode","id":"5c8c1c15-0ba7-4034-a342-2f76b652435e","ts":"2025-12-22T12:56:14.138-03:00","eventName":"n8n.node.started","message":"n8n.node.started","payload":{"workflowId":"6fRTY6FeaXdr0UE4","workflowName":"My First Workflow","executionId":"11","nodeType":"n8n-nodes-base.postBin","nodeName":"Get a request","nodeId":"b96f3681-35eb-4522-8c6e-377ad7b379e7"}}
{"__type":"$$EventMessageConfirm","confirm":"5c8c1c15-0ba7-4034-a342-2f76b652435e","ts":"2025-12-22T12:56:14.138-03:00","source":{"id":"0","name":"eventBus"}}
{"__type":"$$EventMessageNode","id":"f00454e4-b839-40a8-8385-096b03c4f283","ts":"2025-12-22T12:56:14.659-03:00","eventName":"n8n.node.finished","message":"n8n.node.finished","payload":{"workflowId":"6fRTY6FeaXdr0UE4","workflowName":"My First Workflow","executionId":"11","nodeType":"n8n-nodes-base.postBin","nodeName":"Get a request","nodeId":"b96f3681-35eb-4522-8c6e-377ad7b379e7"}}
{"__type":"$$EventMessageConfirm","confirm":"f00454e4-b839-40a8-8385-096b03c4f283","ts":"2025-12-22T12:56:14.659-03:00","source":{"id":"0","name":"eventBus"}}
{"__type":"$$EventMessageRunner","id":"85f45458-8e27-4225-8ad7-3fca24993195","ts":"2025-12-22T12:56:38.876-03:00","eventName":"n8n.queue.job.dequeued","message":"n8n.queue.job.dequeued","payload":{"executionId":"12","workflowId":"6fRTY6FeaXdr0UE4","hostId":"worker-5983d0b4cc16","jobId":"12"}}
{"__type":"$$EventMessageConfirm","confirm":"85f45458-8e27-4225-8ad7-3fca24993195","ts":"2025-12-22T12:56:38.876-03:00","source":{"id":"0","name":"eventBus"}}
{"__type":"$$EventMessageNode","id":"67b260a4-b329-4125-aa86-640f3bcc31f9","ts":"2025-12-22T12:56:38.886-03:00","eventName":"n8n.node.started","message":"n8n.node.started","payload":{"workflowId":"6fRTY6FeaXdr0UE4","workflowName":"My First Workflow","executionId":"12","nodeType":"n8n-nodes-base.manualTrigger","nodeName":"When clicking ‘Execute workflow’","nodeId":"8294f70f-3cdf-4da1-b54f-e92c286615df"}}
{"__type":"$$EventMessageConfirm","confirm":"67b260a4-b329-4125-aa86-640f3bcc31f9","ts":"2025-12-22T12:56:38.886-03:00","source":{"id":"0","name":"eventBus"}}
{"__type":"$$EventMessageNode","id":"346c91dd-1466-49e2-8279-b928dbb7d8eb","ts":"2025-12-22T12:56:38.886-03:00","eventName":"n8n.node.finished","message":"n8n.node.finished","payload":{"workflowId":"6fRTY6FeaXdr0UE4","workflowName":"My First Workflow","executionId":"12","nodeType":"n8n-nodes-base.manualTrigger","nodeName":"When clicking ‘Execute workflow’","nodeId":"8294f70f-3cdf-4da1-b54f-e92c286615df"}}
{"__type":"$$EventMessageConfirm","confirm":"346c91dd-1466-49e2-8279-b928dbb7d8eb","ts":"2025-12-22T12:56:38.886-03:00","source":{"id":"0","name":"eventBus"}}
{"__type":"$$EventMessageNode","id":"d0c27d1f-22e6-49ee-ba94-ab00011840cd","ts":"2025-12-22T12:56:38.887-03:00","eventName":"n8n.node.started","message":"n8n.node.started","payload":{"workflowId":"6fRTY6FeaXdr0UE4","workflowName":"My First Workflow","executionId":"12","nodeType":"n8n-nodes-base.hackerNews","nodeName":"Get many items","nodeId":"68ad1129-ec53-4df6-92e8-13ef2787bc37"}}
{"__type":"$$EventMessageConfirm","confirm":"d0c27d1f-22e6-49ee-ba94-ab00011840cd","ts":"2025-12-22T12:56:38.887-03:00","source":{"id":"0","name":"eventBus"}}
{"__type":"$$EventMessageNode","id":"451f79bb-41f3-4745-99ed-b3450e7e70c2","ts":"2025-12-22T12:56:39.410-03:00","eventName":"n8n.node.finished","message":"n8n.node.finished","payload":{"workflowId":"6fRTY6FeaXdr0UE4","workflowName":"My First Workflow","executionId":"12","nodeType":"n8n-nodes-base.hackerNews","nodeName":"Get many items","nodeId":"68ad1129-ec53-4df6-92e8-13ef2787bc37"}}
{"__type":"$$EventMessageConfirm","confirm":"451f79bb-41f3-4745-99ed-b3450e7e70c2","ts":"2025-12-22T12:56:39.410-03:00","source":{"id":"0","name":"eventBus"}}
{"__type":"$$EventMessageNode","id":"7a2179ae-30f2-4d0f-9167-5327661cb6ab","ts":"2025-12-22T12:56:39.411-03:00","eventName":"n8n.node.started","message":"n8n.node.started","payload":{"workflowId":"6fRTY6FeaXdr0UE4","workflowName":"My First Workflow","executionId":"12","nodeType":"n8n-nodes-base.limit","nodeName":"Limit","nodeId":"4a131e59-f52b-4209-98bc-f38c8334d9f3"}}
{"__type":"$$EventMessageConfirm","confirm":"7a2179ae-30f2-4d0f-9167-5327661cb6ab","ts":"2025-12-22T12:56:39.411-03:00","source":{"id":"0","name":"eventBus"}}
{"__type":"$$EventMessageNode","id":"8ad29445-1f28-4a05-8d21-038ec9009be1","ts":"2025-12-22T12:56:39.412-03:00","eventName":"n8n.node.finished","message":"n8n.node.finished","payload":{"workflowId":"6fRTY6FeaXdr0UE4","workflowName":"My First Workflow","executionId":"12","nodeType":"n8n-nodes-base.limit","nodeName":"Limit","nodeId":"4a131e59-f52b-4209-98bc-f38c8334d9f3"}}
{"__type":"$$EventMessageConfirm","confirm":"8ad29445-1f28-4a05-8d21-038ec9009be1","ts":"2025-12-22T12:56:39.412-03:00","source":{"id":"0","name":"eventBus"}}
{"__type":"$$EventMessageNode","id":"7f8e4776-df2c-45b6-b5ab-b0fc63fed4c8","ts":"2025-12-22T12:56:39.413-03:00","eventName":"n8n.node.started","message":"n8n.node.started","payload":{"workflowId":"6fRTY6FeaXdr0UE4","workflowName":"My First Workflow","executionId":"12","nodeType":"n8n-nodes-base.postBin","nodeName":"Send a request","nodeId":"b96f3681-35eb-4522-8c6e-377ad7b379e7"}}
{"__type":"$$EventMessageConfirm","confirm":"7f8e4776-df2c-45b6-b5ab-b0fc63fed4c8","ts":"2025-12-22T12:56:39.413-03:00","source":{"id":"0","name":"eventBus"}}
{"__type":"$$EventMessageNode","id":"c55b528e-a92b-4fe8-8392-3f22e3eae97b","ts":"2025-12-22T12:56:39.683-03:00","eventName":"n8n.node.finished","message":"n8n.node.finished","payload":{"workflowId":"6fRTY6FeaXdr0UE4","workflowName":"My First Workflow","executionId":"12","nodeType":"n8n-nodes-base.postBin","nodeName":"Send a request","nodeId":"b96f3681-35eb-4522-8c6e-377ad7b379e7"}}
{"__type":"$$EventMessageConfirm","confirm":"c55b528e-a92b-4fe8-8392-3f22e3eae97b","ts":"2025-12-22T12:56:39.683-03:00","source":{"id":"0","name":"eventBus"}}
